<?xml version="1.0" encoding="UTF-8"?>
<testng-results ignored="1" total="2" passed="1" failed="0" skipped="0">
  <reporter-output>
  </reporter-output>
  <suite started-at="2023-04-11T08:03:57 IST" name="Default suite" finished-at="2023-04-11T08:04:08 IST" duration-ms="11315">
    <groups>
    </groups>
    <test started-at="2023-04-11T08:03:57 IST" name="Default test" finished-at="2023-04-11T08:04:08 IST" duration-ms="11315">
      <class name="com.anu.TestNGProject.AutoIT">
        <test-method is-config="true" signature="initializeBrowser()[pri:0, instance:com.anu.TestNGProject.AutoIT@4efc180e]" started-at="2023-04-11T08:03:57 IST" name="initializeBrowser" finished-at="2023-04-11T08:04:03 IST" duration-ms="6272" status="PASS">
          <reporter-output>
          </reporter-output>
        </test-method> <!-- initializeBrowser -->
        <test-method signature="test2()[pri:0, instance:com.anu.TestNGProject.AutoIT@4efc180e]" started-at="2023-04-11T08:04:03 IST" name="test2" finished-at="2023-04-11T08:04:08 IST" duration-ms="4493" status="PASS">
          <reporter-output>
          </reporter-output>
        </test-method> <!-- test2 -->
        <test-method is-config="true" signature="afterTest()[pri:0, instance:com.anu.TestNGProject.AutoIT@4efc180e]" started-at="2023-04-11T08:04:08 IST" name="afterTest" finished-at="2023-04-11T08:04:08 IST" duration-ms="502" status="PASS">
          <reporter-output>
          </reporter-output>
        </test-method> <!-- afterTest -->
      </class> <!-- com.anu.TestNGProject.AutoIT -->
    </test> <!-- Default test -->
  </suite> <!-- Default suite -->
</testng-results>
